<?xml version="1.0" encoding="utf-8"?>
<TestRun id="ec8fb2e0-4e9d-41f3-8083-afe1786b6ab8" name="Thomas@DESKTOP-HVHVVBI 2020-11-07 15:36:15" runUser="DESKTOP-HVHVVBI\Thomas" xmlns="http://microsoft.com/schemas/VisualStudio/TeamTest/2010">
  <Times creation="2020-11-07T15:36:15.4051512+01:00" queuing="2020-11-07T15:36:15.4051522+01:00" start="2020-11-07T15:36:14.7741159+01:00" finish="2020-11-07T15:36:15.4512424+01:00" />
  <TestSettings name="default" id="d1882d37-129e-424e-bec6-9cc044757658">
    <Deployment runDeploymentRoot="Thomas_DESKTOP-HVHVVBI_2020-11-07_15_36_15" />
  </TestSettings>
  <Results>
    <UnitTestResult executionId="ef43df28-878b-4dc7-bee0-14dcb39d870d" testId="722886fd-f278-9f42-917e-86bd2c629115" testName="Test_3s_HelloWorld" computerName="DESKTOP-HVHVVBI" duration="00:00:00.0000857" startTime="2020-11-07T15:36:15.3222936+01:00" endTime="2020-11-07T15:36:15.3224310+01:00" testType="13cdc9d9-ddb5-4fa4-a97d-d965ccfc6d4b" outcome="Passed" testListId="8c84fa94-04c1-424b-9868-57a2d4851a1d" relativeResultsDirectory="ef43df28-878b-4dc7-bee0-14dcb39d870d">
      <Output>
        <StdOut>Hello world 1&#xD;
Hello world 2&#xD;
Hello world 3&#xD;
Hello world 4&#xD;
Hello world 5&#xD;
Hello world 6&#xD;
Hello world 7&#xD;
Hello world 8&#xD;
Hello world 1&#xD;
Hello world 2&#xD;
Hello world 3&#xD;
Hello world 4&#xD;
Hello world 5&#xD;
Hello world 6&#xD;
Hello world 7&#xD;
Hello world 8&#xD;
Hello world 1&#xD;
Hello world 2&#xD;
Hello world 3&#xD;
Hello world 4&#xD;
Hello world 5&#xD;
Hello world 6&#xD;
Hello world 7&#xD;
Hello world 8</StdOut>
      </Output>
    </UnitTestResult>
    <UnitTestResult executionId="38d1d5ab-1e6e-4c92-8f95-70f85120f7af" testId="4a403981-435c-ff14-ce89-bae589a0b77a" testName="Test_1s_HelloDarkness" computerName="DESKTOP-HVHVVBI" duration="00:00:00.0000639" startTime="2020-11-07T15:36:15.3598636+01:00" endTime="2020-11-07T15:36:15.3599716+01:00" testType="13cdc9d9-ddb5-4fa4-a97d-d965ccfc6d4b" outcome="Passed" testListId="8c84fa94-04c1-424b-9868-57a2d4851a1d" relativeResultsDirectory="38d1d5ab-1e6e-4c92-8f95-70f85120f7af">
      <Output>
        <StdOut>Hello darkness 1&#xD;
Hello darkness 2&#xD;
Hello darkness 3&#xD;
Hello darkness 4&#xD;
Hello darkness 5&#xD;
Hello darkness 6&#xD;
Hello darkness 7&#xD;
Hello darkness 8</StdOut>
      </Output>
    </UnitTestResult>
    <UnitTestResult executionId="21f077cc-b869-4729-94ed-1144aa4853b7" testId="96565718-e3a8-5cb7-8ce0-5dda8bfcb943" testName="Test_60s_HelloDarkness" computerName="DESKTOP-HVHVVBI" duration="00:00:00.0007032" startTime="2020-11-07T15:36:15.3226077+01:00" endTime="2020-11-07T15:36:15.3234599+01:00" testType="13cdc9d9-ddb5-4fa4-a97d-d965ccfc6d4b" outcome="Passed" testListId="8c84fa94-04c1-424b-9868-57a2d4851a1d" relativeResultsDirectory="21f077cc-b869-4729-94ed-1144aa4853b7">
      <Output>
        <StdOut>Hello darkness 1&#xD;
Hello darkness 2&#xD;
Hello darkness 3&#xD;
Hello darkness 4&#xD;
Hello darkness 5&#xD;
Hello darkness 6&#xD;
Hello darkness 7&#xD;
Hello darkness 8&#xD;
Hello darkness 1&#xD;
Hello darkness 2&#xD;
Hello darkness 3&#xD;
Hello darkness 4&#xD;
Hello darkness 5&#xD;
Hello darkness 6&#xD;
Hello darkness 7&#xD;
Hello darkness 8&#xD;
Hello darkness 1&#xD;
Hello darkness 2&#xD;
Hello darkness 3&#xD;
Hello darkness 4&#xD;
Hello darkness 5&#xD;
Hello darkness 6&#xD;
Hello darkness 7&#xD;
Hello darkness 8&#xD;
Hello darkness 1&#xD;
Hello darkness 2&#xD;
Hello darkness 3&#xD;
Hello darkness 4&#xD;
Hello darkness 5&#xD;
Hello darkness 6&#xD;
Hello darkness 7&#xD;
Hello darkness 8&#xD;
Hello darkness 1&#xD;
Hello darkness 2&#xD;
Hello darkness 3&#xD;
Hello darkness 4&#xD;
Hello darkness 5&#xD;
Hello darkness 6&#xD;
Hello darkness 7&#xD;
Hello darkness 8&#xD;
Hello darkness 1&#xD;
Hello darkness 2&#xD;
Hello darkness 3&#xD;
Hello darkness 4&#xD;
Hello darkness 5&#xD;
Hello darkness 6&#xD;
Hello darkness 7&#xD;
Hello darkness 8&#xD;
Hello darkness 1&#xD;
Hello darkness 2&#xD;
Hello darkness 3&#xD;
Hello darkness 4&#xD;
Hello darkness 5&#xD;
Hello darkness 6&#xD;
Hello darkness 7&#xD;
Hello darkness 8&#xD;
Hello darkness 1&#xD;
Hello darkness 2&#xD;
Hello darkness 3&#xD;
Hello darkness 4&#xD;
Hello darkness 5&#xD;
Hello darkness 6&#xD;
Hello darkness 7&#xD;
Hello darkness 8&#xD;
Hello darkness 1&#xD;
Hello darkness 2&#xD;
Hello darkness 3&#xD;
Hello darkness 4&#xD;
Hello darkness 5&#xD;
Hello darkness 6&#xD;
Hello darkness 7&#xD;
Hello darkness 8&#xD;
Hello darkness 1&#xD;
Hello darkness 2&#xD;
Hello darkness 3&#xD;
Hello darkness 4&#xD;
Hello darkness 5&#xD;
Hello darkness 6&#xD;
Hello darkness 7&#xD;
Hello darkness 8&#xD;
Hello darkness 1&#xD;
Hello darkness 2&#xD;
Hello darkness 3&#xD;
Hello darkness 4&#xD;
Hello darkness 5&#xD;
Hello darkness 6&#xD;
Hello darkness 7&#xD;
Hello darkness 8&#xD;
Hello darkness 1&#xD;
Hello darkness 2&#xD;
Hello darkness 3&#xD;
Hello darkness 4&#xD;
Hello darkness 5&#xD;
Hello darkness 6&#xD;
Hello darkness 7&#xD;
Hello darkness 8&#xD;
Hello darkness 1&#xD;
Hello darkness 2&#xD;
Hello darkness 3&#xD;
Hello darkness 4&#xD;
Hello darkness 5&#xD;
Hello darkness 6&#xD;
Hello darkness 7&#xD;
Hello darkness 8&#xD;
Hello darkness 1&#xD;
Hello darkness 2&#xD;
Hello darkness 3&#xD;
Hello darkness 4&#xD;
Hello darkness 5&#xD;
Hello darkness 6&#xD;
Hello darkness 7&#xD;
Hello darkness 8&#xD;
Hello darkness 1&#xD;
Hello darkness 2&#xD;
Hello darkness 3&#xD;
Hello darkness 4&#xD;
Hello darkness 5&#xD;
Hello darkness 6&#xD;
Hello darkness 7&#xD;
Hello darkness 8&#xD;
Hello darkness 1&#xD;
Hello darkness 2&#xD;
Hello darkness 3&#xD;
Hello darkness 4&#xD;
Hello darkness 5&#xD;
Hello darkness 6&#xD;
Hello darkness 7&#xD;
Hello darkness 8&#xD;
Hello darkness 1&#xD;
Hello darkness 2&#xD;
Hello darkness 3&#xD;
Hello darkness 4&#xD;
Hello darkness 5&#xD;
Hello darkness 6&#xD;
Hello darkness 7&#xD;
Hello darkness 8&#xD;
Hello darkness 1&#xD;
Hello darkness 2&#xD;
Hello darkness 3&#xD;
Hello darkness 4&#xD;
Hello darkness 5&#xD;
Hello darkness 6&#xD;
Hello darkness 7&#xD;
Hello darkness 8&#xD;
Hello darkness 1&#xD;
Hello darkness 2&#xD;
Hello darkness 3&#xD;
Hello darkness 4&#xD;
Hello darkness 5&#xD;
Hello darkness 6&#xD;
Hello darkness 7&#xD;
Hello darkness 8&#xD;
Hello darkness 1&#xD;
Hello darkness 2&#xD;
Hello darkness 3&#xD;
Hello darkness 4&#xD;
Hello darkness 5&#xD;
Hello darkness 6&#xD;
Hello darkness 7&#xD;
Hello darkness 8&#xD;
Hello darkness 1&#xD;
Hello darkness 2&#xD;
Hello darkness 3&#xD;
Hello darkness 4&#xD;
Hello darkness 5&#xD;
Hello darkness 6&#xD;
Hello darkness 7&#xD;
Hello darkness 8&#xD;
Hello darkness 1&#xD;
Hello darkness 2&#xD;
Hello darkness 3&#xD;
Hello darkness 4&#xD;
Hello darkness 5&#xD;
Hello darkness 6&#xD;
Hello darkness 7&#xD;
Hello darkness 8&#xD;
Hello darkness 1&#xD;
Hello darkness 2&#xD;
Hello darkness 3&#xD;
Hello darkness 4&#xD;
Hello darkness 5&#xD;
Hello darkness 6&#xD;
Hello darkness 7&#xD;
Hello darkness 8&#xD;
Hello darkness 1&#xD;
Hello darkness 2&#xD;
Hello darkness 3&#xD;
Hello darkness 4&#xD;
Hello darkness 5&#xD;
Hello darkness 6&#xD;
Hello darkness 7&#xD;
Hello darkness 8&#xD;
Hello darkness 1&#xD;
Hello darkness 2&#xD;
Hello darkness 3&#xD;
Hello darkness 4&#xD;
Hello darkness 5&#xD;
Hello darkness 6&#xD;
Hello darkness 7&#xD;
Hello darkness 8&#xD;
Hello darkness 1&#xD;
Hello darkness 2&#xD;
Hello darkness 3&#xD;
Hello darkness 4&#xD;
Hello darkness 5&#xD;
Hello darkness 6&#xD;
Hello darkness 7&#xD;
Hello darkness 8&#xD;
Hello darkness 1&#xD;
Hello darkness 2&#xD;
Hello darkness 3&#xD;
Hello darkness 4&#xD;
Hello darkness 5&#xD;
Hello darkness 6&#xD;
Hello darkness 7&#xD;
Hello darkness 8&#xD;
Hello darkness 1&#xD;
Hello darkness 2&#xD;
Hello darkness 3&#xD;
Hello darkness 4&#xD;
Hello darkness 5&#xD;
Hello darkness 6&#xD;
Hello darkness 7&#xD;
Hello darkness 8&#xD;
Hello darkness 1&#xD;
Hello darkness 2&#xD;
Hello darkness 3&#xD;
Hello darkness 4&#xD;
Hello darkness 5&#xD;
Hello darkness 6&#xD;
Hello darkness 7&#xD;
Hello darkness 8&#xD;
Hello darkness 1&#xD;
Hello darkness 2&#xD;
Hello darkness 3&#xD;
Hello darkness 4&#xD;
Hello darkness 5&#xD;
Hello darkness 6&#xD;
Hello darkness 7&#xD;
Hello darkness 8&#xD;
Hello darkness 1&#xD;
Hello darkness 2&#xD;
Hello darkness 3&#xD;
Hello darkness 4&#xD;
Hello darkness 5&#xD;
Hello darkness 6&#xD;
Hello darkness 7&#xD;
Hello darkness 8&#xD;
Hello darkness 1&#xD;
Hello darkness 2&#xD;
Hello darkness 3&#xD;
Hello darkness 4&#xD;
Hello darkness 5&#xD;
Hello darkness 6&#xD;
Hello darkness 7&#xD;
Hello darkness 8&#xD;
Hello darkness 1&#xD;
Hello darkness 2&#xD;
Hello darkness 3&#xD;
Hello darkness 4&#xD;
Hello darkness 5&#xD;
Hello darkness 6&#xD;
Hello darkness 7&#xD;
Hello darkness 8&#xD;
Hello darkness 1&#xD;
Hello darkness 2&#xD;
Hello darkness 3&#xD;
Hello darkness 4&#xD;
Hello darkness 5&#xD;
Hello darkness 6&#xD;
Hello darkness 7&#xD;
Hello darkness 8&#xD;
Hello darkness 1&#xD;
Hello darkness 2&#xD;
Hello darkness 3&#xD;
Hello darkness 4&#xD;
Hello darkness 5&#xD;
Hello darkness 6&#xD;
Hello darkness 7&#xD;
Hello darkness 8&#xD;
Hello darkness 1&#xD;
Hello darkness 2&#xD;
Hello darkness 3&#xD;
Hello darkness 4&#xD;
Hello darkness 5&#xD;
Hello darkness 6&#xD;
Hello darkness 7&#xD;
Hello darkness 8&#xD;
Hello darkness 1&#xD;
Hello darkness 2&#xD;
Hello darkness 3&#xD;
Hello darkness 4&#xD;
Hello darkness 5&#xD;
Hello darkness 6&#xD;
Hello darkness 7&#xD;
Hello darkness 8&#xD;
Hello darkness 1&#xD;
Hello darkness 2&#xD;
Hello darkness 3&#xD;
Hello darkness 4&#xD;
Hello darkness 5&#xD;
Hello darkness 6&#xD;
Hello darkness 7&#xD;
Hello darkness 8&#xD;
Hello darkness 1&#xD;
Hello darkness 2&#xD;
Hello darkness 3&#xD;
Hello darkness 4&#xD;
Hello darkness 5&#xD;
Hello darkness 6&#xD;
Hello darkness 7&#xD;
Hello darkness 8&#xD;
Hello darkness 1&#xD;
Hello darkness 2&#xD;
Hello darkness 3&#xD;
Hello darkness 4&#xD;
Hello darkness 5&#xD;
Hello darkness 6&#xD;
Hello darkness 7&#xD;
Hello darkness 8&#xD;
Hello darkness 1&#xD;
Hello darkness 2&#xD;
Hello darkness 3&#xD;
Hello darkness 4&#xD;
Hello darkness 5&#xD;
Hello darkness 6&#xD;
Hello darkness 7&#xD;
Hello darkness 8&#xD;
Hello darkness 1&#xD;
Hello darkness 2&#xD;
Hello darkness 3&#xD;
Hello darkness 4&#xD;
Hello darkness 5&#xD;
Hello darkness 6&#xD;
Hello darkness 7&#xD;
Hello darkness 8&#xD;
Hello darkness 1&#xD;
Hello darkness 2&#xD;
Hello darkness 3&#xD;
Hello darkness 4&#xD;
Hello darkness 5&#xD;
Hello darkness 6&#xD;
Hello darkness 7&#xD;
Hello darkness 8&#xD;
Hello darkness 1&#xD;
Hello darkness 2&#xD;
Hello darkness 3&#xD;
Hello darkness 4&#xD;
Hello darkness 5&#xD;
Hello darkness 6&#xD;
Hello darkness 7&#xD;
Hello darkness 8&#xD;
Hello darkness 1&#xD;
Hello darkness 2&#xD;
Hello darkness 3&#xD;
Hello darkness 4&#xD;
Hello darkness 5&#xD;
Hello darkness 6&#xD;
Hello darkness 7&#xD;
Hello darkness 8&#xD;
Hello darkness 1&#xD;
Hello darkness 2&#xD;
Hello darkness 3&#xD;
Hello darkness 4&#xD;
Hello darkness 5&#xD;
Hello darkness 6&#xD;
Hello darkness 7&#xD;
Hello darkness 8&#xD;
Hello darkness 1&#xD;
Hello darkness 2&#xD;
Hello darkness 3&#xD;
Hello darkness 4&#xD;
Hello darkness 5&#xD;
Hello darkness 6&#xD;
Hello darkness 7&#xD;
Hello darkness 8&#xD;
Hello darkness 1&#xD;
Hello darkness 2&#xD;
Hello darkness 3&#xD;
Hello darkness 4&#xD;
Hello darkness 5&#xD;
Hello darkness 6&#xD;
Hello darkness 7&#xD;
Hello darkness 8&#xD;
Hello darkness 1&#xD;
Hello darkness 2&#xD;
Hello darkness 3&#xD;
Hello darkness 4&#xD;
Hello darkness 5&#xD;
Hello darkness 6&#xD;
Hello darkness 7&#xD;
Hello darkness 8&#xD;
Hello darkness 1&#xD;
Hello darkness 2&#xD;
Hello darkness 3&#xD;
Hello darkness 4&#xD;
Hello darkness 5&#xD;
Hello darkness 6&#xD;
Hello darkness 7&#xD;
Hello darkness 8&#xD;
Hello darkness 1&#xD;
Hello darkness 2&#xD;
Hello darkness 3&#xD;
Hello darkness 4&#xD;
Hello darkness 5&#xD;
Hello darkness 6&#xD;
Hello darkness 7&#xD;
Hello darkness 8&#xD;
Hello darkness 1&#xD;
Hello darkness 2&#xD;
Hello darkness 3&#xD;
Hello darkness 4&#xD;
Hello darkness 5&#xD;
Hello darkness 6&#xD;
Hello darkness 7&#xD;
Hello darkness 8&#xD;
Hello darkness 1&#xD;
Hello darkness 2&#xD;
Hello darkness 3&#xD;
Hello darkness 4&#xD;
Hello darkness 5&#xD;
Hello darkness 6&#xD;
Hello darkness 7&#xD;
Hello darkness 8&#xD;
Hello darkness 1&#xD;
Hello darkness 2&#xD;
Hello darkness 3&#xD;
Hello darkness 4&#xD;
Hello darkness 5&#xD;
Hello darkness 6&#xD;
Hello darkness 7&#xD;
Hello darkness 8&#xD;
Hello darkness 1&#xD;
Hello darkness 2&#xD;
Hello darkness 3&#xD;
Hello darkness 4&#xD;
Hello darkness 5&#xD;
Hello darkness 6&#xD;
Hello darkness 7&#xD;
Hello darkness 8&#xD;
Hello darkness 1&#xD;
Hello darkness 2&#xD;
Hello darkness 3&#xD;
Hello darkness 4&#xD;
Hello darkness 5&#xD;
Hello darkness 6&#xD;
Hello darkness 7&#xD;
Hello darkness 8&#xD;
Hello darkness 1&#xD;
Hello darkness 2&#xD;
Hello darkness 3&#xD;
Hello darkness 4&#xD;
Hello darkness 5&#xD;
Hello darkness 6&#xD;
Hello darkness 7&#xD;
Hello darkness 8&#xD;
Hello darkness 1&#xD;
Hello darkness 2&#xD;
Hello darkness 3&#xD;
Hello darkness 4&#xD;
Hello darkness 5&#xD;
Hello darkness 6&#xD;
Hello darkness 7&#xD;
Hello darkness 8&#xD;
Hello darkness 1&#xD;
Hello darkness 2&#xD;
Hello darkness 3&#xD;
Hello darkness 4&#xD;
Hello darkness 5&#xD;
Hello darkness 6&#xD;
Hello darkness 7&#xD;
Hello darkness 8&#xD;
Hello darkness 1&#xD;
Hello darkness 2&#xD;
Hello darkness 3&#xD;
Hello darkness 4&#xD;
Hello darkness 5&#xD;
Hello darkness 6&#xD;
Hello darkness 7&#xD;
Hello darkness 8</StdOut>
      </Output>
    </UnitTestResult>
    <UnitTestResult executionId="6c8283cf-e0f4-4fa3-825c-c5784661eb88" testId="0d2e5eca-07a5-4a41-fd4a-35fce243dd5d" testName="Test_30s_HelloWorld" computerName="DESKTOP-HVHVVBI" duration="00:00:00.0003424" startTime="2020-11-07T15:36:15.3208996+01:00" endTime="2020-11-07T15:36:15.3213844+01:00" testType="13cdc9d9-ddb5-4fa4-a97d-d965ccfc6d4b" outcome="Passed" testListId="8c84fa94-04c1-424b-9868-57a2d4851a1d" relativeResultsDirectory="6c8283cf-e0f4-4fa3-825c-c5784661eb88">
      <Output>
        <StdOut>Hello world 1&#xD;
Hello world 2&#xD;
Hello world 3&#xD;
Hello world 4&#xD;
Hello world 5&#xD;
Hello world 6&#xD;
Hello world 7&#xD;
Hello world 8&#xD;
Hello world 1&#xD;
Hello world 2&#xD;
Hello world 3&#xD;
Hello world 4&#xD;
Hello world 5&#xD;
Hello world 6&#xD;
Hello world 7&#xD;
Hello world 8&#xD;
Hello world 1&#xD;
Hello world 2&#xD;
Hello world 3&#xD;
Hello world 4&#xD;
Hello world 5&#xD;
Hello world 6&#xD;
Hello world 7&#xD;
Hello world 8&#xD;
Hello world 1&#xD;
Hello world 2&#xD;
Hello world 3&#xD;
Hello world 4&#xD;
Hello world 5&#xD;
Hello world 6&#xD;
Hello world 7&#xD;
Hello world 8&#xD;
Hello world 1&#xD;
Hello world 2&#xD;
Hello world 3&#xD;
Hello world 4&#xD;
Hello world 5&#xD;
Hello world 6&#xD;
Hello world 7&#xD;
Hello world 8&#xD;
Hello world 1&#xD;
Hello world 2&#xD;
Hello world 3&#xD;
Hello world 4&#xD;
Hello world 5&#xD;
Hello world 6&#xD;
Hello world 7&#xD;
Hello world 8&#xD;
Hello world 1&#xD;
Hello world 2&#xD;
Hello world 3&#xD;
Hello world 4&#xD;
Hello world 5&#xD;
Hello world 6&#xD;
Hello world 7&#xD;
Hello world 8&#xD;
Hello world 1&#xD;
Hello world 2&#xD;
Hello world 3&#xD;
Hello world 4&#xD;
Hello world 5&#xD;
Hello world 6&#xD;
Hello world 7&#xD;
Hello world 8&#xD;
Hello world 1&#xD;
Hello world 2&#xD;
Hello world 3&#xD;
Hello world 4&#xD;
Hello world 5&#xD;
Hello world 6&#xD;
Hello world 7&#xD;
Hello world 8&#xD;
Hello world 1&#xD;
Hello world 2&#xD;
Hello world 3&#xD;
Hello world 4&#xD;
Hello world 5&#xD;
Hello world 6&#xD;
Hello world 7&#xD;
Hello world 8&#xD;
Hello world 1&#xD;
Hello world 2&#xD;
Hello world 3&#xD;
Hello world 4&#xD;
Hello world 5&#xD;
Hello world 6&#xD;
Hello world 7&#xD;
Hello world 8&#xD;
Hello world 1&#xD;
Hello world 2&#xD;
Hello world 3&#xD;
Hello world 4&#xD;
Hello world 5&#xD;
Hello world 6&#xD;
Hello world 7&#xD;
Hello world 8&#xD;
Hello world 1&#xD;
Hello world 2&#xD;
Hello world 3&#xD;
Hello world 4&#xD;
Hello world 5&#xD;
Hello world 6&#xD;
Hello world 7&#xD;
Hello world 8&#xD;
Hello world 1&#xD;
Hello world 2&#xD;
Hello world 3&#xD;
Hello world 4&#xD;
Hello world 5&#xD;
Hello world 6&#xD;
Hello world 7&#xD;
Hello world 8&#xD;
Hello world 1&#xD;
Hello world 2&#xD;
Hello world 3&#xD;
Hello world 4&#xD;
Hello world 5&#xD;
Hello world 6&#xD;
Hello world 7&#xD;
Hello world 8&#xD;
Hello world 1&#xD;
Hello world 2&#xD;
Hello world 3&#xD;
Hello world 4&#xD;
Hello world 5&#xD;
Hello world 6&#xD;
Hello world 7&#xD;
Hello world 8&#xD;
Hello world 1&#xD;
Hello world 2&#xD;
Hello world 3&#xD;
Hello world 4&#xD;
Hello world 5&#xD;
Hello world 6&#xD;
Hello world 7&#xD;
Hello world 8&#xD;
Hello world 1&#xD;
Hello world 2&#xD;
Hello world 3&#xD;
Hello world 4&#xD;
Hello world 5&#xD;
Hello world 6&#xD;
Hello world 7&#xD;
Hello world 8&#xD;
Hello world 1&#xD;
Hello world 2&#xD;
Hello world 3&#xD;
Hello world 4&#xD;
Hello world 5&#xD;
Hello world 6&#xD;
Hello world 7&#xD;
Hello world 8&#xD;
Hello world 1&#xD;
Hello world 2&#xD;
Hello world 3&#xD;
Hello world 4&#xD;
Hello world 5&#xD;
Hello world 6&#xD;
Hello world 7&#xD;
Hello world 8&#xD;
Hello world 1&#xD;
Hello world 2&#xD;
Hello world 3&#xD;
Hello world 4&#xD;
Hello world 5&#xD;
Hello world 6&#xD;
Hello world 7&#xD;
Hello world 8&#xD;
Hello world 1&#xD;
Hello world 2&#xD;
Hello world 3&#xD;
Hello world 4&#xD;
Hello world 5&#xD;
Hello world 6&#xD;
Hello world 7&#xD;
Hello world 8&#xD;
Hello world 1&#xD;
Hello world 2&#xD;
Hello world 3&#xD;
Hello world 4&#xD;
Hello world 5&#xD;
Hello world 6&#xD;
Hello world 7&#xD;
Hello world 8&#xD;
Hello world 1&#xD;
Hello world 2&#xD;
Hello world 3&#xD;
Hello world 4&#xD;
Hello world 5&#xD;
Hello world 6&#xD;
Hello world 7&#xD;
Hello world 8&#xD;
Hello world 1&#xD;
Hello world 2&#xD;
Hello world 3&#xD;
Hello world 4&#xD;
Hello world 5&#xD;
Hello world 6&#xD;
Hello world 7&#xD;
Hello world 8&#xD;
Hello world 1&#xD;
Hello world 2&#xD;
Hello world 3&#xD;
Hello world 4&#xD;
Hello world 5&#xD;
Hello world 6&#xD;
Hello world 7&#xD;
Hello world 8&#xD;
Hello world 1&#xD;
Hello world 2&#xD;
Hello world 3&#xD;
Hello world 4&#xD;
Hello world 5&#xD;
Hello world 6&#xD;
Hello world 7&#xD;
Hello world 8&#xD;
Hello world 1&#xD;
Hello world 2&#xD;
Hello world 3&#xD;
Hello world 4&#xD;
Hello world 5&#xD;
Hello world 6&#xD;
Hello world 7&#xD;
Hello world 8&#xD;
Hello world 1&#xD;
Hello world 2&#xD;
Hello world 3&#xD;
Hello world 4&#xD;
Hello world 5&#xD;
Hello world 6&#xD;
Hello world 7&#xD;
Hello world 8&#xD;
Hello world 1&#xD;
Hello world 2&#xD;
Hello world 3&#xD;
Hello world 4&#xD;
Hello world 5&#xD;
Hello world 6&#xD;
Hello world 7&#xD;
Hello world 8</StdOut>
      </Output>
    </UnitTestResult>
    <UnitTestResult executionId="c91167c6-04a6-4bb8-9408-7cf1598e5fbc" testId="cc05c079-ef56-a514-237e-4b1b95d25a10" testName="Test_5s_HelloWorld" computerName="DESKTOP-HVHVVBI" duration="00:00:00.0001013" startTime="2020-11-07T15:36:15.3216986+01:00" endTime="2020-11-07T15:36:15.3218542+01:00" testType="13cdc9d9-ddb5-4fa4-a97d-d965ccfc6d4b" outcome="Passed" testListId="8c84fa94-04c1-424b-9868-57a2d4851a1d" relativeResultsDirectory="c91167c6-04a6-4bb8-9408-7cf1598e5fbc">
      <Output>
        <StdOut>Hello world 1&#xD;
Hello world 2&#xD;
Hello world 3&#xD;
Hello world 4&#xD;
Hello world 5&#xD;
Hello world 6&#xD;
Hello world 7&#xD;
Hello world 8&#xD;
Hello world 1&#xD;
Hello world 2&#xD;
Hello world 3&#xD;
Hello world 4&#xD;
Hello world 5&#xD;
Hello world 6&#xD;
Hello world 7&#xD;
Hello world 8&#xD;
Hello world 1&#xD;
Hello world 2&#xD;
Hello world 3&#xD;
Hello world 4&#xD;
Hello world 5&#xD;
Hello world 6&#xD;
Hello world 7&#xD;
Hello world 8&#xD;
Hello world 1&#xD;
Hello world 2&#xD;
Hello world 3&#xD;
Hello world 4&#xD;
Hello world 5&#xD;
Hello world 6&#xD;
Hello world 7&#xD;
Hello world 8&#xD;
Hello world 1&#xD;
Hello world 2&#xD;
Hello world 3&#xD;
Hello world 4&#xD;
Hello world 5&#xD;
Hello world 6&#xD;
Hello world 7&#xD;
Hello world 8</StdOut>
      </Output>
    </UnitTestResult>
    <UnitTestResult executionId="18a48968-9a10-4e08-854f-5b0f80013416" testId="3371512e-1675-883c-27f1-466f449dbd73" testName="Test_30s_HelloDarkness" computerName="DESKTOP-HVHVVBI" duration="00:00:00.0003192" startTime="2020-11-07T15:36:15.3234991+01:00" endTime="2020-11-07T15:36:15.3238761+01:00" testType="13cdc9d9-ddb5-4fa4-a97d-d965ccfc6d4b" outcome="Passed" testListId="8c84fa94-04c1-424b-9868-57a2d4851a1d" relativeResultsDirectory="18a48968-9a10-4e08-854f-5b0f80013416">
      <Output>
        <StdOut>Hello darkness 1&#xD;
Hello darkness 2&#xD;
Hello darkness 3&#xD;
Hello darkness 4&#xD;
Hello darkness 5&#xD;
Hello darkness 6&#xD;
Hello darkness 7&#xD;
Hello darkness 8&#xD;
Hello darkness 1&#xD;
Hello darkness 2&#xD;
Hello darkness 3&#xD;
Hello darkness 4&#xD;
Hello darkness 5&#xD;
Hello darkness 6&#xD;
Hello darkness 7&#xD;
Hello darkness 8&#xD;
Hello darkness 1&#xD;
Hello darkness 2&#xD;
Hello darkness 3&#xD;
Hello darkness 4&#xD;
Hello darkness 5&#xD;
Hello darkness 6&#xD;
Hello darkness 7&#xD;
Hello darkness 8&#xD;
Hello darkness 1&#xD;
Hello darkness 2&#xD;
Hello darkness 3&#xD;
Hello darkness 4&#xD;
Hello darkness 5&#xD;
Hello darkness 6&#xD;
Hello darkness 7&#xD;
Hello darkness 8&#xD;
Hello darkness 1&#xD;
Hello darkness 2&#xD;
Hello darkness 3&#xD;
Hello darkness 4&#xD;
Hello darkness 5&#xD;
Hello darkness 6&#xD;
Hello darkness 7&#xD;
Hello darkness 8&#xD;
Hello darkness 1&#xD;
Hello darkness 2&#xD;
Hello darkness 3&#xD;
Hello darkness 4&#xD;
Hello darkness 5&#xD;
Hello darkness 6&#xD;
Hello darkness 7&#xD;
Hello darkness 8&#xD;
Hello darkness 1&#xD;
Hello darkness 2&#xD;
Hello darkness 3&#xD;
Hello darkness 4&#xD;
Hello darkness 5&#xD;
Hello darkness 6&#xD;
Hello darkness 7&#xD;
Hello darkness 8&#xD;
Hello darkness 1&#xD;
Hello darkness 2&#xD;
Hello darkness 3&#xD;
Hello darkness 4&#xD;
Hello darkness 5&#xD;
Hello darkness 6&#xD;
Hello darkness 7&#xD;
Hello darkness 8&#xD;
Hello darkness 1&#xD;
Hello darkness 2&#xD;
Hello darkness 3&#xD;
Hello darkness 4&#xD;
Hello darkness 5&#xD;
Hello darkness 6&#xD;
Hello darkness 7&#xD;
Hello darkness 8&#xD;
Hello darkness 1&#xD;
Hello darkness 2&#xD;
Hello darkness 3&#xD;
Hello darkness 4&#xD;
Hello darkness 5&#xD;
Hello darkness 6&#xD;
Hello darkness 7&#xD;
Hello darkness 8&#xD;
Hello darkness 1&#xD;
Hello darkness 2&#xD;
Hello darkness 3&#xD;
Hello darkness 4&#xD;
Hello darkness 5&#xD;
Hello darkness 6&#xD;
Hello darkness 7&#xD;
Hello darkness 8&#xD;
Hello darkness 1&#xD;
Hello darkness 2&#xD;
Hello darkness 3&#xD;
Hello darkness 4&#xD;
Hello darkness 5&#xD;
Hello darkness 6&#xD;
Hello darkness 7&#xD;
Hello darkness 8&#xD;
Hello darkness 1&#xD;
Hello darkness 2&#xD;
Hello darkness 3&#xD;
Hello darkness 4&#xD;
Hello darkness 5&#xD;
Hello darkness 6&#xD;
Hello darkness 7&#xD;
Hello darkness 8&#xD;
Hello darkness 1&#xD;
Hello darkness 2&#xD;
Hello darkness 3&#xD;
Hello darkness 4&#xD;
Hello darkness 5&#xD;
Hello darkness 6&#xD;
Hello darkness 7&#xD;
Hello darkness 8&#xD;
Hello darkness 1&#xD;
Hello darkness 2&#xD;
Hello darkness 3&#xD;
Hello darkness 4&#xD;
Hello darkness 5&#xD;
Hello darkness 6&#xD;
Hello darkness 7&#xD;
Hello darkness 8&#xD;
Hello darkness 1&#xD;
Hello darkness 2&#xD;
Hello darkness 3&#xD;
Hello darkness 4&#xD;
Hello darkness 5&#xD;
Hello darkness 6&#xD;
Hello darkness 7&#xD;
Hello darkness 8&#xD;
Hello darkness 1&#xD;
Hello darkness 2&#xD;
Hello darkness 3&#xD;
Hello darkness 4&#xD;
Hello darkness 5&#xD;
Hello darkness 6&#xD;
Hello darkness 7&#xD;
Hello darkness 8&#xD;
Hello darkness 1&#xD;
Hello darkness 2&#xD;
Hello darkness 3&#xD;
Hello darkness 4&#xD;
Hello darkness 5&#xD;
Hello darkness 6&#xD;
Hello darkness 7&#xD;
Hello darkness 8&#xD;
Hello darkness 1&#xD;
Hello darkness 2&#xD;
Hello darkness 3&#xD;
Hello darkness 4&#xD;
Hello darkness 5&#xD;
Hello darkness 6&#xD;
Hello darkness 7&#xD;
Hello darkness 8&#xD;
Hello darkness 1&#xD;
Hello darkness 2&#xD;
Hello darkness 3&#xD;
Hello darkness 4&#xD;
Hello darkness 5&#xD;
Hello darkness 6&#xD;
Hello darkness 7&#xD;
Hello darkness 8&#xD;
Hello darkness 1&#xD;
Hello darkness 2&#xD;
Hello darkness 3&#xD;
Hello darkness 4&#xD;
Hello darkness 5&#xD;
Hello darkness 6&#xD;
Hello darkness 7&#xD;
Hello darkness 8&#xD;
Hello darkness 1&#xD;
Hello darkness 2&#xD;
Hello darkness 3&#xD;
Hello darkness 4&#xD;
Hello darkness 5&#xD;
Hello darkness 6&#xD;
Hello darkness 7&#xD;
Hello darkness 8&#xD;
Hello darkness 1&#xD;
Hello darkness 2&#xD;
Hello darkness 3&#xD;
Hello darkness 4&#xD;
Hello darkness 5&#xD;
Hello darkness 6&#xD;
Hello darkness 7&#xD;
Hello darkness 8&#xD;
Hello darkness 1&#xD;
Hello darkness 2&#xD;
Hello darkness 3&#xD;
Hello darkness 4&#xD;
Hello darkness 5&#xD;
Hello darkness 6&#xD;
Hello darkness 7&#xD;
Hello darkness 8&#xD;
Hello darkness 1&#xD;
Hello darkness 2&#xD;
Hello darkness 3&#xD;
Hello darkness 4&#xD;
Hello darkness 5&#xD;
Hello darkness 6&#xD;
Hello darkness 7&#xD;
Hello darkness 8&#xD;
Hello darkness 1&#xD;
Hello darkness 2&#xD;
Hello darkness 3&#xD;
Hello darkness 4&#xD;
Hello darkness 5&#xD;
Hello darkness 6&#xD;
Hello darkness 7&#xD;
Hello darkness 8&#xD;
Hello darkness 1&#xD;
Hello darkness 2&#xD;
Hello darkness 3&#xD;
Hello darkness 4&#xD;
Hello darkness 5&#xD;
Hello darkness 6&#xD;
Hello darkness 7&#xD;
Hello darkness 8&#xD;
Hello darkness 1&#xD;
Hello darkness 2&#xD;
Hello darkness 3&#xD;
Hello darkness 4&#xD;
Hello darkness 5&#xD;
Hello darkness 6&#xD;
Hello darkness 7&#xD;
Hello darkness 8&#xD;
Hello darkness 1&#xD;
Hello darkness 2&#xD;
Hello darkness 3&#xD;
Hello darkness 4&#xD;
Hello darkness 5&#xD;
Hello darkness 6&#xD;
Hello darkness 7&#xD;
Hello darkness 8&#xD;
Hello darkness 1&#xD;
Hello darkness 2&#xD;
Hello darkness 3&#xD;
Hello darkness 4&#xD;
Hello darkness 5&#xD;
Hello darkness 6&#xD;
Hello darkness 7&#xD;
Hello darkness 8</StdOut>
      </Output>
    </UnitTestResult>
    <UnitTestResult executionId="f998030d-b5c5-42d5-b22e-35548f430b49" testId="9fb05345-5bb2-5f0d-383c-d81b60b242dc" testName="Test_1s_HelloWorld" computerName="DESKTOP-HVHVVBI" duration="00:00:00.0000675" startTime="2020-11-07T15:36:15.3224635+01:00" endTime="2020-11-07T15:36:15.3225790+01:00" testType="13cdc9d9-ddb5-4fa4-a97d-d965ccfc6d4b" outcome="Passed" testListId="8c84fa94-04c1-424b-9868-57a2d4851a1d" relativeResultsDirectory="f998030d-b5c5-42d5-b22e-35548f430b49">
      <Output>
        <StdOut>Hello world 1&#xD;
Hello world 2&#xD;
Hello world 3&#xD;
Hello world 4&#xD;
Hello world 5&#xD;
Hello world 6&#xD;
Hello world 7&#xD;
Hello world 8</StdOut>
      </Output>
    </UnitTestResult>
    <UnitTestResult executionId="a894325c-1633-47ca-acf4-74167cc0eefc" testId="9065e6c0-037d-20e6-f70f-a93d8fb37620" testName="Test_5s_HelloDarkness" computerName="DESKTOP-HVHVVBI" duration="00:00:00.0000956" startTime="2020-11-07T15:36:15.3595362+01:00" endTime="2020-11-07T15:36:15.3596789+01:00" testType="13cdc9d9-ddb5-4fa4-a97d-d965ccfc6d4b" outcome="Passed" testListId="8c84fa94-04c1-424b-9868-57a2d4851a1d" relativeResultsDirectory="a894325c-1633-47ca-acf4-74167cc0eefc">
      <Output>
        <StdOut>Hello darkness 1&#xD;
Hello darkness 2&#xD;
Hello darkness 3&#xD;
Hello darkness 4&#xD;
Hello darkness 5&#xD;
Hello darkness 6&#xD;
Hello darkness 7&#xD;
Hello darkness 8&#xD;
Hello darkness 1&#xD;
Hello darkness 2&#xD;
Hello darkness 3&#xD;
Hello darkness 4&#xD;
Hello darkness 5&#xD;
Hello darkness 6&#xD;
Hello darkness 7&#xD;
Hello darkness 8&#xD;
Hello darkness 1&#xD;
Hello darkness 2&#xD;
Hello darkness 3&#xD;
Hello darkness 4&#xD;
Hello darkness 5&#xD;
Hello darkness 6&#xD;
Hello darkness 7&#xD;
Hello darkness 8&#xD;
Hello darkness 1&#xD;
Hello darkness 2&#xD;
Hello darkness 3&#xD;
Hello darkness 4&#xD;
Hello darkness 5&#xD;
Hello darkness 6&#xD;
Hello darkness 7&#xD;
Hello darkness 8&#xD;
Hello darkness 1&#xD;
Hello darkness 2&#xD;
Hello darkness 3&#xD;
Hello darkness 4&#xD;
Hello darkness 5&#xD;
Hello darkness 6&#xD;
Hello darkness 7&#xD;
Hello darkness 8</StdOut>
      </Output>
    </UnitTestResult>
    <UnitTestResult executionId="0de8d602-2d07-463b-99d6-15bd8b01bf46" testId="24bb051c-ecb1-abb2-783d-e55586529cd0" testName="Test_10s_HelloWorld" computerName="DESKTOP-HVHVVBI" duration="00:00:00.0001491" startTime="2020-11-07T15:36:15.3214629+01:00" endTime="2020-11-07T15:36:15.3216680+01:00" testType="13cdc9d9-ddb5-4fa4-a97d-d965ccfc6d4b" outcome="Passed" testListId="8c84fa94-04c1-424b-9868-57a2d4851a1d" relativeResultsDirectory="0de8d602-2d07-463b-99d6-15bd8b01bf46">
      <Output>
        <StdOut>Hello world 1&#xD;
Hello world 2&#xD;
Hello world 3&#xD;
Hello world 4&#xD;
Hello world 5&#xD;
Hello world 6&#xD;
Hello world 7&#xD;
Hello world 8&#xD;
Hello world 1&#xD;
Hello world 2&#xD;
Hello world 3&#xD;
Hello world 4&#xD;
Hello world 5&#xD;
Hello world 6&#xD;
Hello world 7&#xD;
Hello world 8&#xD;
Hello world 1&#xD;
Hello world 2&#xD;
Hello world 3&#xD;
Hello world 4&#xD;
Hello world 5&#xD;
Hello world 6&#xD;
Hello world 7&#xD;
Hello world 8&#xD;
Hello world 1&#xD;
Hello world 2&#xD;
Hello world 3&#xD;
Hello world 4&#xD;
Hello world 5&#xD;
Hello world 6&#xD;
Hello world 7&#xD;
Hello world 8&#xD;
Hello world 1&#xD;
Hello world 2&#xD;
Hello world 3&#xD;
Hello world 4&#xD;
Hello world 5&#xD;
Hello world 6&#xD;
Hello world 7&#xD;
Hello world 8&#xD;
Hello world 1&#xD;
Hello world 2&#xD;
Hello world 3&#xD;
Hello world 4&#xD;
Hello world 5&#xD;
Hello world 6&#xD;
Hello world 7&#xD;
Hello world 8&#xD;
Hello world 1&#xD;
Hello world 2&#xD;
Hello world 3&#xD;
Hello world 4&#xD;
Hello world 5&#xD;
Hello world 6&#xD;
Hello world 7&#xD;
Hello world 8&#xD;
Hello world 1&#xD;
Hello world 2&#xD;
Hello world 3&#xD;
Hello world 4&#xD;
Hello world 5&#xD;
Hello world 6&#xD;
Hello world 7&#xD;
Hello world 8&#xD;
Hello world 1&#xD;
Hello world 2&#xD;
Hello world 3&#xD;
Hello world 4&#xD;
Hello world 5&#xD;
Hello world 6&#xD;
Hello world 7&#xD;
Hello world 8&#xD;
Hello world 1&#xD;
Hello world 2&#xD;
Hello world 3&#xD;
Hello world 4&#xD;
Hello world 5&#xD;
Hello world 6&#xD;
Hello world 7&#xD;
Hello world 8</StdOut>
      </Output>
    </UnitTestResult>
    <UnitTestResult executionId="c595256a-764d-4d16-9022-b317b3b0b6b8" testId="391d37a1-9c3e-fdd7-5279-bf00aef272dc" testName="Test_30s_HelloDarkness" computerName="DESKTOP-HVHVVBI" duration="00:00:00.0003236" startTime="2020-11-07T15:36:15.3218878+01:00" endTime="2020-11-07T15:36:15.3222637+01:00" testType="13cdc9d9-ddb5-4fa4-a97d-d965ccfc6d4b" outcome="Passed" testListId="8c84fa94-04c1-424b-9868-57a2d4851a1d" relativeResultsDirectory="c595256a-764d-4d16-9022-b317b3b0b6b8">
      <Output>
        <StdOut>Hello darkness 1&#xD;
Hello darkness 2&#xD;
Hello darkness 3&#xD;
Hello darkness 4&#xD;
Hello darkness 5&#xD;
Hello darkness 6&#xD;
Hello darkness 7&#xD;
Hello darkness 8&#xD;
Hello darkness 1&#xD;
Hello darkness 2&#xD;
Hello darkness 3&#xD;
Hello darkness 4&#xD;
Hello darkness 5&#xD;
Hello darkness 6&#xD;
Hello darkness 7&#xD;
Hello darkness 8&#xD;
Hello darkness 1&#xD;
Hello darkness 2&#xD;
Hello darkness 3&#xD;
Hello darkness 4&#xD;
Hello darkness 5&#xD;
Hello darkness 6&#xD;
Hello darkness 7&#xD;
Hello darkness 8&#xD;
Hello darkness 1&#xD;
Hello darkness 2&#xD;
Hello darkness 3&#xD;
Hello darkness 4&#xD;
Hello darkness 5&#xD;
Hello darkness 6&#xD;
Hello darkness 7&#xD;
Hello darkness 8&#xD;
Hello darkness 1&#xD;
Hello darkness 2&#xD;
Hello darkness 3&#xD;
Hello darkness 4&#xD;
Hello darkness 5&#xD;
Hello darkness 6&#xD;
Hello darkness 7&#xD;
Hello darkness 8&#xD;
Hello darkness 1&#xD;
Hello darkness 2&#xD;
Hello darkness 3&#xD;
Hello darkness 4&#xD;
Hello darkness 5&#xD;
Hello darkness 6&#xD;
Hello darkness 7&#xD;
Hello darkness 8&#xD;
Hello darkness 1&#xD;
Hello darkness 2&#xD;
Hello darkness 3&#xD;
Hello darkness 4&#xD;
Hello darkness 5&#xD;
Hello darkness 6&#xD;
Hello darkness 7&#xD;
Hello darkness 8&#xD;
Hello darkness 1&#xD;
Hello darkness 2&#xD;
Hello darkness 3&#xD;
Hello darkness 4&#xD;
Hello darkness 5&#xD;
Hello darkness 6&#xD;
Hello darkness 7&#xD;
Hello darkness 8&#xD;
Hello darkness 1&#xD;
Hello darkness 2&#xD;
Hello darkness 3&#xD;
Hello darkness 4&#xD;
Hello darkness 5&#xD;
Hello darkness 6&#xD;
Hello darkness 7&#xD;
Hello darkness 8&#xD;
Hello darkness 1&#xD;
Hello darkness 2&#xD;
Hello darkness 3&#xD;
Hello darkness 4&#xD;
Hello darkness 5&#xD;
Hello darkness 6&#xD;
Hello darkness 7&#xD;
Hello darkness 8&#xD;
Hello darkness 1&#xD;
Hello darkness 2&#xD;
Hello darkness 3&#xD;
Hello darkness 4&#xD;
Hello darkness 5&#xD;
Hello darkness 6&#xD;
Hello darkness 7&#xD;
Hello darkness 8&#xD;
Hello darkness 1&#xD;
Hello darkness 2&#xD;
Hello darkness 3&#xD;
Hello darkness 4&#xD;
Hello darkness 5&#xD;
Hello darkness 6&#xD;
Hello darkness 7&#xD;
Hello darkness 8&#xD;
Hello darkness 1&#xD;
Hello darkness 2&#xD;
Hello darkness 3&#xD;
Hello darkness 4&#xD;
Hello darkness 5&#xD;
Hello darkness 6&#xD;
Hello darkness 7&#xD;
Hello darkness 8&#xD;
Hello darkness 1&#xD;
Hello darkness 2&#xD;
Hello darkness 3&#xD;
Hello darkness 4&#xD;
Hello darkness 5&#xD;
Hello darkness 6&#xD;
Hello darkness 7&#xD;
Hello darkness 8&#xD;
Hello darkness 1&#xD;
Hello darkness 2&#xD;
Hello darkness 3&#xD;
Hello darkness 4&#xD;
Hello darkness 5&#xD;
Hello darkness 6&#xD;
Hello darkness 7&#xD;
Hello darkness 8&#xD;
Hello darkness 1&#xD;
Hello darkness 2&#xD;
Hello darkness 3&#xD;
Hello darkness 4&#xD;
Hello darkness 5&#xD;
Hello darkness 6&#xD;
Hello darkness 7&#xD;
Hello darkness 8&#xD;
Hello darkness 1&#xD;
Hello darkness 2&#xD;
Hello darkness 3&#xD;
Hello darkness 4&#xD;
Hello darkness 5&#xD;
Hello darkness 6&#xD;
Hello darkness 7&#xD;
Hello darkness 8&#xD;
Hello darkness 1&#xD;
Hello darkness 2&#xD;
Hello darkness 3&#xD;
Hello darkness 4&#xD;
Hello darkness 5&#xD;
Hello darkness 6&#xD;
Hello darkness 7&#xD;
Hello darkness 8&#xD;
Hello darkness 1&#xD;
Hello darkness 2&#xD;
Hello darkness 3&#xD;
Hello darkness 4&#xD;
Hello darkness 5&#xD;
Hello darkness 6&#xD;
Hello darkness 7&#xD;
Hello darkness 8&#xD;
Hello darkness 1&#xD;
Hello darkness 2&#xD;
Hello darkness 3&#xD;
Hello darkness 4&#xD;
Hello darkness 5&#xD;
Hello darkness 6&#xD;
Hello darkness 7&#xD;
Hello darkness 8&#xD;
Hello darkness 1&#xD;
Hello darkness 2&#xD;
Hello darkness 3&#xD;
Hello darkness 4&#xD;
Hello darkness 5&#xD;
Hello darkness 6&#xD;
Hello darkness 7&#xD;
Hello darkness 8&#xD;
Hello darkness 1&#xD;
Hello darkness 2&#xD;
Hello darkness 3&#xD;
Hello darkness 4&#xD;
Hello darkness 5&#xD;
Hello darkness 6&#xD;
Hello darkness 7&#xD;
Hello darkness 8&#xD;
Hello darkness 1&#xD;
Hello darkness 2&#xD;
Hello darkness 3&#xD;
Hello darkness 4&#xD;
Hello darkness 5&#xD;
Hello darkness 6&#xD;
Hello darkness 7&#xD;
Hello darkness 8&#xD;
Hello darkness 1&#xD;
Hello darkness 2&#xD;
Hello darkness 3&#xD;
Hello darkness 4&#xD;
Hello darkness 5&#xD;
Hello darkness 6&#xD;
Hello darkness 7&#xD;
Hello darkness 8&#xD;
Hello darkness 1&#xD;
Hello darkness 2&#xD;
Hello darkness 3&#xD;
Hello darkness 4&#xD;
Hello darkness 5&#xD;
Hello darkness 6&#xD;
Hello darkness 7&#xD;
Hello darkness 8&#xD;
Hello darkness 1&#xD;
Hello darkness 2&#xD;
Hello darkness 3&#xD;
Hello darkness 4&#xD;
Hello darkness 5&#xD;
Hello darkness 6&#xD;
Hello darkness 7&#xD;
Hello darkness 8&#xD;
Hello darkness 1&#xD;
Hello darkness 2&#xD;
Hello darkness 3&#xD;
Hello darkness 4&#xD;
Hello darkness 5&#xD;
Hello darkness 6&#xD;
Hello darkness 7&#xD;
Hello darkness 8&#xD;
Hello darkness 1&#xD;
Hello darkness 2&#xD;
Hello darkness 3&#xD;
Hello darkness 4&#xD;
Hello darkness 5&#xD;
Hello darkness 6&#xD;
Hello darkness 7&#xD;
Hello darkness 8&#xD;
Hello darkness 1&#xD;
Hello darkness 2&#xD;
Hello darkness 3&#xD;
Hello darkness 4&#xD;
Hello darkness 5&#xD;
Hello darkness 6&#xD;
Hello darkness 7&#xD;
Hello darkness 8&#xD;
Hello darkness 1&#xD;
Hello darkness 2&#xD;
Hello darkness 3&#xD;
Hello darkness 4&#xD;
Hello darkness 5&#xD;
Hello darkness 6&#xD;
Hello darkness 7&#xD;
Hello darkness 8</StdOut>
      </Output>
    </UnitTestResult>
    <UnitTestResult executionId="eb19f6fe-77a5-419b-80fb-f2888b1931d5" testId="13593038-30e2-62af-4673-0a0dd4541af7" testName="Test_10s_HelloDarkness" computerName="DESKTOP-HVHVVBI" duration="00:00:00.0001587" startTime="2020-11-07T15:36:15.3592330+01:00" endTime="2020-11-07T15:36:15.3594834+01:00" testType="13cdc9d9-ddb5-4fa4-a97d-d965ccfc6d4b" outcome="Passed" testListId="8c84fa94-04c1-424b-9868-57a2d4851a1d" relativeResultsDirectory="eb19f6fe-77a5-419b-80fb-f2888b1931d5">
      <Output>
        <StdOut>Hello darkness 1&#xD;
Hello darkness 2&#xD;
Hello darkness 3&#xD;
Hello darkness 4&#xD;
Hello darkness 5&#xD;
Hello darkness 6&#xD;
Hello darkness 7&#xD;
Hello darkness 8&#xD;
Hello darkness 1&#xD;
Hello darkness 2&#xD;
Hello darkness 3&#xD;
Hello darkness 4&#xD;
Hello darkness 5&#xD;
Hello darkness 6&#xD;
Hello darkness 7&#xD;
Hello darkness 8&#xD;
Hello darkness 1&#xD;
Hello darkness 2&#xD;
Hello darkness 3&#xD;
Hello darkness 4&#xD;
Hello darkness 5&#xD;
Hello darkness 6&#xD;
Hello darkness 7&#xD;
Hello darkness 8&#xD;
Hello darkness 1&#xD;
Hello darkness 2&#xD;
Hello darkness 3&#xD;
Hello darkness 4&#xD;
Hello darkness 5&#xD;
Hello darkness 6&#xD;
Hello darkness 7&#xD;
Hello darkness 8&#xD;
Hello darkness 1&#xD;
Hello darkness 2&#xD;
Hello darkness 3&#xD;
Hello darkness 4&#xD;
Hello darkness 5&#xD;
Hello darkness 6&#xD;
Hello darkness 7&#xD;
Hello darkness 8&#xD;
Hello darkness 1&#xD;
Hello darkness 2&#xD;
Hello darkness 3&#xD;
Hello darkness 4&#xD;
Hello darkness 5&#xD;
Hello darkness 6&#xD;
Hello darkness 7&#xD;
Hello darkness 8&#xD;
Hello darkness 1&#xD;
Hello darkness 2&#xD;
Hello darkness 3&#xD;
Hello darkness 4&#xD;
Hello darkness 5&#xD;
Hello darkness 6&#xD;
Hello darkness 7&#xD;
Hello darkness 8&#xD;
Hello darkness 1&#xD;
Hello darkness 2&#xD;
Hello darkness 3&#xD;
Hello darkness 4&#xD;
Hello darkness 5&#xD;
Hello darkness 6&#xD;
Hello darkness 7&#xD;
Hello darkness 8&#xD;
Hello darkness 1&#xD;
Hello darkness 2&#xD;
Hello darkness 3&#xD;
Hello darkness 4&#xD;
Hello darkness 5&#xD;
Hello darkness 6&#xD;
Hello darkness 7&#xD;
Hello darkness 8&#xD;
Hello darkness 1&#xD;
Hello darkness 2&#xD;
Hello darkness 3&#xD;
Hello darkness 4&#xD;
Hello darkness 5&#xD;
Hello darkness 6&#xD;
Hello darkness 7&#xD;
Hello darkness 8</StdOut>
      </Output>
    </UnitTestResult>
    <UnitTestResult executionId="088df2b7-70d6-477c-b8dd-d4a8c46be26c" testId="737a9edd-6342-911b-c400-7c30b715cef4" testName="Test_60s_HelloWorld" computerName="DESKTOP-HVHVVBI" duration="00:00:00.0796109" startTime="2020-11-07T15:36:15.2149569+01:00" endTime="2020-11-07T15:36:15.3140285+01:00" testType="13cdc9d9-ddb5-4fa4-a97d-d965ccfc6d4b" outcome="Passed" testListId="8c84fa94-04c1-424b-9868-57a2d4851a1d" relativeResultsDirectory="088df2b7-70d6-477c-b8dd-d4a8c46be26c">
      <Output>
        <StdOut>Hello world 1&#xD;
Hello world 2&#xD;
Hello world 3&#xD;
Hello world 4&#xD;
Hello world 5&#xD;
Hello world 6&#xD;
Hello world 7&#xD;
Hello world 8&#xD;
Hello world 1&#xD;
Hello world 2&#xD;
Hello world 3&#xD;
Hello world 4&#xD;
Hello world 5&#xD;
Hello world 6&#xD;
Hello world 7&#xD;
Hello world 8&#xD;
Hello world 1&#xD;
Hello world 2&#xD;
Hello world 3&#xD;
Hello world 4&#xD;
Hello world 5&#xD;
Hello world 6&#xD;
Hello world 7&#xD;
Hello world 8&#xD;
Hello world 1&#xD;
Hello world 2&#xD;
Hello world 3&#xD;
Hello world 4&#xD;
Hello world 5&#xD;
Hello world 6&#xD;
Hello world 7&#xD;
Hello world 8&#xD;
Hello world 1&#xD;
Hello world 2&#xD;
Hello world 3&#xD;
Hello world 4&#xD;
Hello world 5&#xD;
Hello world 6&#xD;
Hello world 7&#xD;
Hello world 8&#xD;
Hello world 1&#xD;
Hello world 2&#xD;
Hello world 3&#xD;
Hello world 4&#xD;
Hello world 5&#xD;
Hello world 6&#xD;
Hello world 7&#xD;
Hello world 8&#xD;
Hello world 1&#xD;
Hello world 2&#xD;
Hello world 3&#xD;
Hello world 4&#xD;
Hello world 5&#xD;
Hello world 6&#xD;
Hello world 7&#xD;
Hello world 8&#xD;
Hello world 1&#xD;
Hello world 2&#xD;
Hello world 3&#xD;
Hello world 4&#xD;
Hello world 5&#xD;
Hello world 6&#xD;
Hello world 7&#xD;
Hello world 8&#xD;
Hello world 1&#xD;
Hello world 2&#xD;
Hello world 3&#xD;
Hello world 4&#xD;
Hello world 5&#xD;
Hello world 6&#xD;
Hello world 7&#xD;
Hello world 8&#xD;
Hello world 1&#xD;
Hello world 2&#xD;
Hello world 3&#xD;
Hello world 4&#xD;
Hello world 5&#xD;
Hello world 6&#xD;
Hello world 7&#xD;
Hello world 8&#xD;
Hello world 1&#xD;
Hello world 2&#xD;
Hello world 3&#xD;
Hello world 4&#xD;
Hello world 5&#xD;
Hello world 6&#xD;
Hello world 7&#xD;
Hello world 8&#xD;
Hello world 1&#xD;
Hello world 2&#xD;
Hello world 3&#xD;
Hello world 4&#xD;
Hello world 5&#xD;
Hello world 6&#xD;
Hello world 7&#xD;
Hello world 8&#xD;
Hello world 1&#xD;
Hello world 2&#xD;
Hello world 3&#xD;
Hello world 4&#xD;
Hello world 5&#xD;
Hello world 6&#xD;
Hello world 7&#xD;
Hello world 8&#xD;
Hello world 1&#xD;
Hello world 2&#xD;
Hello world 3&#xD;
Hello world 4&#xD;
Hello world 5&#xD;
Hello world 6&#xD;
Hello world 7&#xD;
Hello world 8&#xD;
Hello world 1&#xD;
Hello world 2&#xD;
Hello world 3&#xD;
Hello world 4&#xD;
Hello world 5&#xD;
Hello world 6&#xD;
Hello world 7&#xD;
Hello world 8&#xD;
Hello world 1&#xD;
Hello world 2&#xD;
Hello world 3&#xD;
Hello world 4&#xD;
Hello world 5&#xD;
Hello world 6&#xD;
Hello world 7&#xD;
Hello world 8&#xD;
Hello world 1&#xD;
Hello world 2&#xD;
Hello world 3&#xD;
Hello world 4&#xD;
Hello world 5&#xD;
Hello world 6&#xD;
Hello world 7&#xD;
Hello world 8&#xD;
Hello world 1&#xD;
Hello world 2&#xD;
Hello world 3&#xD;
Hello world 4&#xD;
Hello world 5&#xD;
Hello world 6&#xD;
Hello world 7&#xD;
Hello world 8&#xD;
Hello world 1&#xD;
Hello world 2&#xD;
Hello world 3&#xD;
Hello world 4&#xD;
Hello world 5&#xD;
Hello world 6&#xD;
Hello world 7&#xD;
Hello world 8&#xD;
Hello world 1&#xD;
Hello world 2&#xD;
Hello world 3&#xD;
Hello world 4&#xD;
Hello world 5&#xD;
Hello world 6&#xD;
Hello world 7&#xD;
Hello world 8&#xD;
Hello world 1&#xD;
Hello world 2&#xD;
Hello world 3&#xD;
Hello world 4&#xD;
Hello world 5&#xD;
Hello world 6&#xD;
Hello world 7&#xD;
Hello world 8&#xD;
Hello world 1&#xD;
Hello world 2&#xD;
Hello world 3&#xD;
Hello world 4&#xD;
Hello world 5&#xD;
Hello world 6&#xD;
Hello world 7&#xD;
Hello world 8&#xD;
Hello world 1&#xD;
Hello world 2&#xD;
Hello world 3&#xD;
Hello world 4&#xD;
Hello world 5&#xD;
Hello world 6&#xD;
Hello world 7&#xD;
Hello world 8&#xD;
Hello world 1&#xD;
Hello world 2&#xD;
Hello world 3&#xD;
Hello world 4&#xD;
Hello world 5&#xD;
Hello world 6&#xD;
Hello world 7&#xD;
Hello world 8&#xD;
Hello world 1&#xD;
Hello world 2&#xD;
Hello world 3&#xD;
Hello world 4&#xD;
Hello world 5&#xD;
Hello world 6&#xD;
Hello world 7&#xD;
Hello world 8&#xD;
Hello world 1&#xD;
Hello world 2&#xD;
Hello world 3&#xD;
Hello world 4&#xD;
Hello world 5&#xD;
Hello world 6&#xD;
Hello world 7&#xD;
Hello world 8&#xD;
Hello world 1&#xD;
Hello world 2&#xD;
Hello world 3&#xD;
Hello world 4&#xD;
Hello world 5&#xD;
Hello world 6&#xD;
Hello world 7&#xD;
Hello world 8&#xD;
Hello world 1&#xD;
Hello world 2&#xD;
Hello world 3&#xD;
Hello world 4&#xD;
Hello world 5&#xD;
Hello world 6&#xD;
Hello world 7&#xD;
Hello world 8&#xD;
Hello world 1&#xD;
Hello world 2&#xD;
Hello world 3&#xD;
Hello world 4&#xD;
Hello world 5&#xD;
Hello world 6&#xD;
Hello world 7&#xD;
Hello world 8&#xD;
Hello world 1&#xD;
Hello world 2&#xD;
Hello world 3&#xD;
Hello world 4&#xD;
Hello world 5&#xD;
Hello world 6&#xD;
Hello world 7&#xD;
Hello world 8&#xD;
Hello world 1&#xD;
Hello world 2&#xD;
Hello world 3&#xD;
Hello world 4&#xD;
Hello world 5&#xD;
Hello world 6&#xD;
Hello world 7&#xD;
Hello world 8&#xD;
Hello world 1&#xD;
Hello world 2&#xD;
Hello world 3&#xD;
Hello world 4&#xD;
Hello world 5&#xD;
Hello world 6&#xD;
Hello world 7&#xD;
Hello world 8&#xD;
Hello world 1&#xD;
Hello world 2&#xD;
Hello world 3&#xD;
Hello world 4&#xD;
Hello world 5&#xD;
Hello world 6&#xD;
Hello world 7&#xD;
Hello world 8&#xD;
Hello world 1&#xD;
Hello world 2&#xD;
Hello world 3&#xD;
Hello world 4&#xD;
Hello world 5&#xD;
Hello world 6&#xD;
Hello world 7&#xD;
Hello world 8&#xD;
Hello world 1&#xD;
Hello world 2&#xD;
Hello world 3&#xD;
Hello world 4&#xD;
Hello world 5&#xD;
Hello world 6&#xD;
Hello world 7&#xD;
Hello world 8&#xD;
Hello world 1&#xD;
Hello world 2&#xD;
Hello world 3&#xD;
Hello world 4&#xD;
Hello world 5&#xD;
Hello world 6&#xD;
Hello world 7&#xD;
Hello world 8&#xD;
Hello world 1&#xD;
Hello world 2&#xD;
Hello world 3&#xD;
Hello world 4&#xD;
Hello world 5&#xD;
Hello world 6&#xD;
Hello world 7&#xD;
Hello world 8&#xD;
Hello world 1&#xD;
Hello world 2&#xD;
Hello world 3&#xD;
Hello world 4&#xD;
Hello world 5&#xD;
Hello world 6&#xD;
Hello world 7&#xD;
Hello world 8&#xD;
Hello world 1&#xD;
Hello world 2&#xD;
Hello world 3&#xD;
Hello world 4&#xD;
Hello world 5&#xD;
Hello world 6&#xD;
Hello world 7&#xD;
Hello world 8&#xD;
Hello world 1&#xD;
Hello world 2&#xD;
Hello world 3&#xD;
Hello world 4&#xD;
Hello world 5&#xD;
Hello world 6&#xD;
Hello world 7&#xD;
Hello world 8&#xD;
Hello world 1&#xD;
Hello world 2&#xD;
Hello world 3&#xD;
Hello world 4&#xD;
Hello world 5&#xD;
Hello world 6&#xD;
Hello world 7&#xD;
Hello world 8&#xD;
Hello world 1&#xD;
Hello world 2&#xD;
Hello world 3&#xD;
Hello world 4&#xD;
Hello world 5&#xD;
Hello world 6&#xD;
Hello world 7&#xD;
Hello world 8&#xD;
Hello world 1&#xD;
Hello world 2&#xD;
Hello world 3&#xD;
Hello world 4&#xD;
Hello world 5&#xD;
Hello world 6&#xD;
Hello world 7&#xD;
Hello world 8&#xD;
Hello world 1&#xD;
Hello world 2&#xD;
Hello world 3&#xD;
Hello world 4&#xD;
Hello world 5&#xD;
Hello world 6&#xD;
Hello world 7&#xD;
Hello world 8&#xD;
Hello world 1&#xD;
Hello world 2&#xD;
Hello world 3&#xD;
Hello world 4&#xD;
Hello world 5&#xD;
Hello world 6&#xD;
Hello world 7&#xD;
Hello world 8&#xD;
Hello world 1&#xD;
Hello world 2&#xD;
Hello world 3&#xD;
Hello world 4&#xD;
Hello world 5&#xD;
Hello world 6&#xD;
Hello world 7&#xD;
Hello world 8&#xD;
Hello world 1&#xD;
Hello world 2&#xD;
Hello world 3&#xD;
Hello world 4&#xD;
Hello world 5&#xD;
Hello world 6&#xD;
Hello world 7&#xD;
Hello world 8&#xD;
Hello world 1&#xD;
Hello world 2&#xD;
Hello world 3&#xD;
Hello world 4&#xD;
Hello world 5&#xD;
Hello world 6&#xD;
Hello world 7&#xD;
Hello world 8&#xD;
Hello world 1&#xD;
Hello world 2&#xD;
Hello world 3&#xD;
Hello world 4&#xD;
Hello world 5&#xD;
Hello world 6&#xD;
Hello world 7&#xD;
Hello world 8&#xD;
Hello world 1&#xD;
Hello world 2&#xD;
Hello world 3&#xD;
Hello world 4&#xD;
Hello world 5&#xD;
Hello world 6&#xD;
Hello world 7&#xD;
Hello world 8&#xD;
Hello world 1&#xD;
Hello world 2&#xD;
Hello world 3&#xD;
Hello world 4&#xD;
Hello world 5&#xD;
Hello world 6&#xD;
Hello world 7&#xD;
Hello world 8&#xD;
Hello world 1&#xD;
Hello world 2&#xD;
Hello world 3&#xD;
Hello world 4&#xD;
Hello world 5&#xD;
Hello world 6&#xD;
Hello world 7&#xD;
Hello world 8&#xD;
Hello world 1&#xD;
Hello world 2&#xD;
Hello world 3&#xD;
Hello world 4&#xD;
Hello world 5&#xD;
Hello world 6&#xD;
Hello world 7&#xD;
Hello world 8&#xD;
Hello world 1&#xD;
Hello world 2&#xD;
Hello world 3&#xD;
Hello world 4&#xD;
Hello world 5&#xD;
Hello world 6&#xD;
Hello world 7&#xD;
Hello world 8&#xD;
Hello world 1&#xD;
Hello world 2&#xD;
Hello world 3&#xD;
Hello world 4&#xD;
Hello world 5&#xD;
Hello world 6&#xD;
Hello world 7&#xD;
Hello world 8&#xD;
Hello world 1&#xD;
Hello world 2&#xD;
Hello world 3&#xD;
Hello world 4&#xD;
Hello world 5&#xD;
Hello world 6&#xD;
Hello world 7&#xD;
Hello world 8&#xD;
Hello world 1&#xD;
Hello world 2&#xD;
Hello world 3&#xD;
Hello world 4&#xD;
Hello world 5&#xD;
Hello world 6&#xD;
Hello world 7&#xD;
Hello world 8&#xD;
Hello world 1&#xD;
Hello world 2&#xD;
Hello world 3&#xD;
Hello world 4&#xD;
Hello world 5&#xD;
Hello world 6&#xD;
Hello world 7&#xD;
Hello world 8&#xD;
Hello world 1&#xD;
Hello world 2&#xD;
Hello world 3&#xD;
Hello world 4&#xD;
Hello world 5&#xD;
Hello world 6&#xD;
Hello world 7&#xD;
Hello world 8&#xD;
Hello world 1&#xD;
Hello world 2&#xD;
Hello world 3&#xD;
Hello world 4&#xD;
Hello world 5&#xD;
Hello world 6&#xD;
Hello world 7&#xD;
Hello world 8</StdOut>
      </Output>
    </UnitTestResult>
    <UnitTestResult executionId="6b7317a8-4805-437b-83ab-c5dc903d23d2" testId="4118ddca-4a4a-3c79-b78a-d8d4852d6c4e" testName="Test_3s_HelloDarkness" computerName="DESKTOP-HVHVVBI" duration="00:00:00.0000789" startTime="2020-11-07T15:36:15.3597103+01:00" endTime="2020-11-07T15:36:15.3598339+01:00" testType="13cdc9d9-ddb5-4fa4-a97d-d965ccfc6d4b" outcome="Passed" testListId="8c84fa94-04c1-424b-9868-57a2d4851a1d" relativeResultsDirectory="6b7317a8-4805-437b-83ab-c5dc903d23d2">
      <Output>
        <StdOut>Hello darkness 1&#xD;
Hello darkness 2&#xD;
Hello darkness 3&#xD;
Hello darkness 4&#xD;
Hello darkness 5&#xD;
Hello darkness 6&#xD;
Hello darkness 7&#xD;
Hello darkness 8&#xD;
Hello darkness 1&#xD;
Hello darkness 2&#xD;
Hello darkness 3&#xD;
Hello darkness 4&#xD;
Hello darkness 5&#xD;
Hello darkness 6&#xD;
Hello darkness 7&#xD;
Hello darkness 8&#xD;
Hello darkness 1&#xD;
Hello darkness 2&#xD;
Hello darkness 3&#xD;
Hello darkness 4&#xD;
Hello darkness 5&#xD;
Hello darkness 6&#xD;
Hello darkness 7&#xD;
Hello darkness 8</StdOut>
      </Output>
    </UnitTestResult>
  </Results>
  <TestDefinitions>
    <UnitTest name="Test_3s_HelloDarkness" storage="c:\projects\pruner\cli\tests\dotnet\sample\sample.tests\bin\debug\netcoreapp3.1\sample.tests.dll" id="4118ddca-4a4a-3c79-b78a-d8d4852d6c4e">
      <Execution id="6b7317a8-4805-437b-83ab-c5dc903d23d2" />
      <TestMethod codeBase="C:\Projects\pruner\cli\tests\dotnet\sample\Sample.Tests\bin\Debug\netcoreapp3.1\Sample.Tests.dll" adapterTypeName="executor://mstestadapter/v2" className="Sample.Tests.Darkness.SampleDarknessTests" name="Test_3s_HelloDarkness" />
    </UnitTest>
    <UnitTest name="Test_30s_HelloDarkness" storage="c:\projects\pruner\cli\tests\dotnet\sample\sample.tests\bin\debug\netcoreapp3.1\sample.tests.dll" id="391d37a1-9c3e-fdd7-5279-bf00aef272dc">
      <Execution id="c595256a-764d-4d16-9022-b317b3b0b6b8" />
      <TestMethod codeBase="C:\Projects\pruner\cli\tests\dotnet\sample\Sample.Tests\bin\Debug\netcoreapp3.1\Sample.Tests.dll" adapterTypeName="executor://mstestadapter/v2" className="Sample.Tests.World.SampleWorldTests" name="Test_30s_HelloDarkness" />
    </UnitTest>
    <UnitTest name="Test_3s_HelloWorld" storage="c:\projects\pruner\cli\tests\dotnet\sample\sample.tests\bin\debug\netcoreapp3.1\sample.tests.dll" id="722886fd-f278-9f42-917e-86bd2c629115">
      <Execution id="ef43df28-878b-4dc7-bee0-14dcb39d870d" />
      <TestMethod codeBase="C:\Projects\pruner\cli\tests\dotnet\sample\Sample.Tests\bin\Debug\netcoreapp3.1\Sample.Tests.dll" adapterTypeName="executor://mstestadapter/v2" className="Sample.Tests.World.SampleWorldTests" name="Test_3s_HelloWorld" />
    </UnitTest>
    <UnitTest name="Test_5s_HelloWorld" storage="c:\projects\pruner\cli\tests\dotnet\sample\sample.tests\bin\debug\netcoreapp3.1\sample.tests.dll" id="cc05c079-ef56-a514-237e-4b1b95d25a10">
      <Execution id="c91167c6-04a6-4bb8-9408-7cf1598e5fbc" />
      <TestMethod codeBase="C:\Projects\pruner\cli\tests\dotnet\sample\Sample.Tests\bin\Debug\netcoreapp3.1\Sample.Tests.dll" adapterTypeName="executor://mstestadapter/v2" className="Sample.Tests.World.SampleWorldTests" name="Test_5s_HelloWorld" />
    </UnitTest>
    <UnitTest name="Test_1s_HelloWorld" storage="c:\projects\pruner\cli\tests\dotnet\sample\sample.tests\bin\debug\netcoreapp3.1\sample.tests.dll" id="9fb05345-5bb2-5f0d-383c-d81b60b242dc">
      <Execution id="f998030d-b5c5-42d5-b22e-35548f430b49" />
      <TestMethod codeBase="C:\Projects\pruner\cli\tests\dotnet\sample\Sample.Tests\bin\Debug\netcoreapp3.1\Sample.Tests.dll" adapterTypeName="executor://mstestadapter/v2" className="Sample.Tests.World.SampleWorldTests" name="Test_1s_HelloWorld" />
    </UnitTest>
    <UnitTest name="Test_60s_HelloDarkness" storage="c:\projects\pruner\cli\tests\dotnet\sample\sample.tests\bin\debug\netcoreapp3.1\sample.tests.dll" id="96565718-e3a8-5cb7-8ce0-5dda8bfcb943">
      <Execution id="21f077cc-b869-4729-94ed-1144aa4853b7" />
      <TestMethod codeBase="C:\Projects\pruner\cli\tests\dotnet\sample\Sample.Tests\bin\Debug\netcoreapp3.1\Sample.Tests.dll" adapterTypeName="executor://mstestadapter/v2" className="Sample.Tests.Darkness.SampleDarknessTests" name="Test_60s_HelloDarkness" />
    </UnitTest>
    <UnitTest name="Test_5s_HelloDarkness" storage="c:\projects\pruner\cli\tests\dotnet\sample\sample.tests\bin\debug\netcoreapp3.1\sample.tests.dll" id="9065e6c0-037d-20e6-f70f-a93d8fb37620">
      <Execution id="a894325c-1633-47ca-acf4-74167cc0eefc" />
      <TestMethod codeBase="C:\Projects\pruner\cli\tests\dotnet\sample\Sample.Tests\bin\Debug\netcoreapp3.1\Sample.Tests.dll" adapterTypeName="executor://mstestadapter/v2" className="Sample.Tests.Darkness.SampleDarknessTests" name="Test_5s_HelloDarkness" />
    </UnitTest>
    <UnitTest name="Test_30s_HelloWorld" storage="c:\projects\pruner\cli\tests\dotnet\sample\sample.tests\bin\debug\netcoreapp3.1\sample.tests.dll" id="0d2e5eca-07a5-4a41-fd4a-35fce243dd5d">
      <Execution id="6c8283cf-e0f4-4fa3-825c-c5784661eb88" />
      <TestMethod codeBase="C:\Projects\pruner\cli\tests\dotnet\sample\Sample.Tests\bin\Debug\netcoreapp3.1\Sample.Tests.dll" adapterTypeName="executor://mstestadapter/v2" className="Sample.Tests.World.SampleWorldTests" name="Test_30s_HelloWorld" />
    </UnitTest>
    <UnitTest name="Test_10s_HelloWorld" storage="c:\projects\pruner\cli\tests\dotnet\sample\sample.tests\bin\debug\netcoreapp3.1\sample.tests.dll" id="24bb051c-ecb1-abb2-783d-e55586529cd0">
      <Execution id="0de8d602-2d07-463b-99d6-15bd8b01bf46" />
      <TestMethod codeBase="C:\Projects\pruner\cli\tests\dotnet\sample\Sample.Tests\bin\Debug\netcoreapp3.1\Sample.Tests.dll" adapterTypeName="executor://mstestadapter/v2" className="Sample.Tests.World.SampleWorldTests" name="Test_10s_HelloWorld" />
    </UnitTest>
    <UnitTest name="Test_60s_HelloWorld" storage="c:\projects\pruner\cli\tests\dotnet\sample\sample.tests\bin\debug\netcoreapp3.1\sample.tests.dll" id="737a9edd-6342-911b-c400-7c30b715cef4">
      <Execution id="088df2b7-70d6-477c-b8dd-d4a8c46be26c" />
      <TestMethod codeBase="C:\Projects\pruner\cli\tests\dotnet\sample\Sample.Tests\bin\Debug\netcoreapp3.1\Sample.Tests.dll" adapterTypeName="executor://mstestadapter/v2" className="Sample.Tests.World.SampleWorldTests" name="Test_60s_HelloWorld" />
    </UnitTest>
    <UnitTest name="Test_30s_HelloDarkness" storage="c:\projects\pruner\cli\tests\dotnet\sample\sample.tests\bin\debug\netcoreapp3.1\sample.tests.dll" id="3371512e-1675-883c-27f1-466f449dbd73">
      <Execution id="18a48968-9a10-4e08-854f-5b0f80013416" />
      <TestMethod codeBase="C:\Projects\pruner\cli\tests\dotnet\sample\Sample.Tests\bin\Debug\netcoreapp3.1\Sample.Tests.dll" adapterTypeName="executor://mstestadapter/v2" className="Sample.Tests.Darkness.SampleDarknessTests" name="Test_30s_HelloDarkness" />
    </UnitTest>
    <UnitTest name="Test_1s_HelloDarkness" storage="c:\projects\pruner\cli\tests\dotnet\sample\sample.tests\bin\debug\netcoreapp3.1\sample.tests.dll" id="4a403981-435c-ff14-ce89-bae589a0b77a">
      <Execution id="38d1d5ab-1e6e-4c92-8f95-70f85120f7af" />
      <TestMethod codeBase="C:\Projects\pruner\cli\tests\dotnet\sample\Sample.Tests\bin\Debug\netcoreapp3.1\Sample.Tests.dll" adapterTypeName="executor://mstestadapter/v2" className="Sample.Tests.Darkness.SampleDarknessTests" name="Test_1s_HelloDarkness" />
    </UnitTest>
    <UnitTest name="Test_10s_HelloDarkness" storage="c:\projects\pruner\cli\tests\dotnet\sample\sample.tests\bin\debug\netcoreapp3.1\sample.tests.dll" id="13593038-30e2-62af-4673-0a0dd4541af7">
      <Execution id="eb19f6fe-77a5-419b-80fb-f2888b1931d5" />
      <TestMethod codeBase="C:\Projects\pruner\cli\tests\dotnet\sample\Sample.Tests\bin\Debug\netcoreapp3.1\Sample.Tests.dll" adapterTypeName="executor://mstestadapter/v2" className="Sample.Tests.Darkness.SampleDarknessTests" name="Test_10s_HelloDarkness" />
    </UnitTest>
  </TestDefinitions>
  <TestEntries>
    <TestEntry testId="722886fd-f278-9f42-917e-86bd2c629115" executionId="ef43df28-878b-4dc7-bee0-14dcb39d870d" testListId="8c84fa94-04c1-424b-9868-57a2d4851a1d" />
    <TestEntry testId="4a403981-435c-ff14-ce89-bae589a0b77a" executionId="38d1d5ab-1e6e-4c92-8f95-70f85120f7af" testListId="8c84fa94-04c1-424b-9868-57a2d4851a1d" />
    <TestEntry testId="96565718-e3a8-5cb7-8ce0-5dda8bfcb943" executionId="21f077cc-b869-4729-94ed-1144aa4853b7" testListId="8c84fa94-04c1-424b-9868-57a2d4851a1d" />
    <TestEntry testId="0d2e5eca-07a5-4a41-fd4a-35fce243dd5d" executionId="6c8283cf-e0f4-4fa3-825c-c5784661eb88" testListId="8c84fa94-04c1-424b-9868-57a2d4851a1d" />
    <TestEntry testId="cc05c079-ef56-a514-237e-4b1b95d25a10" executionId="c91167c6-04a6-4bb8-9408-7cf1598e5fbc" testListId="8c84fa94-04c1-424b-9868-57a2d4851a1d" />
    <TestEntry testId="3371512e-1675-883c-27f1-466f449dbd73" executionId="18a48968-9a10-4e08-854f-5b0f80013416" testListId="8c84fa94-04c1-424b-9868-57a2d4851a1d" />
    <TestEntry testId="9fb05345-5bb2-5f0d-383c-d81b60b242dc" executionId="f998030d-b5c5-42d5-b22e-35548f430b49" testListId="8c84fa94-04c1-424b-9868-57a2d4851a1d" />
    <TestEntry testId="9065e6c0-037d-20e6-f70f-a93d8fb37620" executionId="a894325c-1633-47ca-acf4-74167cc0eefc" testListId="8c84fa94-04c1-424b-9868-57a2d4851a1d" />
    <TestEntry testId="24bb051c-ecb1-abb2-783d-e55586529cd0" executionId="0de8d602-2d07-463b-99d6-15bd8b01bf46" testListId="8c84fa94-04c1-424b-9868-57a2d4851a1d" />
    <TestEntry testId="391d37a1-9c3e-fdd7-5279-bf00aef272dc" executionId="c595256a-764d-4d16-9022-b317b3b0b6b8" testListId="8c84fa94-04c1-424b-9868-57a2d4851a1d" />
    <TestEntry testId="13593038-30e2-62af-4673-0a0dd4541af7" executionId="eb19f6fe-77a5-419b-80fb-f2888b1931d5" testListId="8c84fa94-04c1-424b-9868-57a2d4851a1d" />
    <TestEntry testId="737a9edd-6342-911b-c400-7c30b715cef4" executionId="088df2b7-70d6-477c-b8dd-d4a8c46be26c" testListId="8c84fa94-04c1-424b-9868-57a2d4851a1d" />
    <TestEntry testId="4118ddca-4a4a-3c79-b78a-d8d4852d6c4e" executionId="6b7317a8-4805-437b-83ab-c5dc903d23d2" testListId="8c84fa94-04c1-424b-9868-57a2d4851a1d" />
  </TestEntries>
  <TestLists>
    <TestList name="Results Not in a List" id="8c84fa94-04c1-424b-9868-57a2d4851a1d" />
    <TestList name="All Loaded Results" id="19431567-8539-422a-85d7-44ee4e166bda" />
  </TestLists>
  <ResultSummary outcome="Completed">
    <Counters total="13" executed="13" passed="13" failed="0" error="0" timeout="0" aborted="0" inconclusive="0" passedButRunAborted="0" notRunnable="0" notExecuted="0" disconnected="0" warning="0" completed="0" inProgress="0" pending="0" />
  </ResultSummary>
</TestRun>